WARNING: This is a development server. Do not use it in a production deployment. Use a production WSGI server instead.
 * Running on all addresses (0.0.0.0)
 * Running on http://127.0.0.1:5020
 * Running on http://192.168.1.5:5020
Press CTRL+C to quit
 * Restarting with watchdog (windowsapi)
 * Debugger is active!
 * Debugger PIN: 659-829-964
 * Detected change in 'C:\\Users\\gjj\\AppData\\Local\\Programs\\Python\\Python314\\Lib\\site-packages\\playwright\\_impl\\_element_handle.py', reloading
 * Restarting with watchdog (windowsapi)
 * Debugger is active!
 * Debugger PIN: 659-829-964
 * Detected change in 'C:\\Users\\gjj\\AppData\\Local\\Programs\\Python\\Python314\\Lib\\site-packages\\playwright\\async_api\\_generated.py', reloading
 * Restarting with watchdog (windowsapi)
 * Debugger is active!
 * Debugger PIN: 659-829-964
 * Detected change in 'C:\\Users\\gjj\\AppData\\Local\\Programs\\Python\\Python314\\Lib\\asyncio\\runners.py', reloading
 * Restarting with watchdog (windowsapi)
 * Debugger is active!
 * Debugger PIN: 659-829-964
 * Detected change in 'C:\\Users\\gjj\\AppData\\Local\\Programs\\Python\\Python314\\Lib\\site-packages\\playwright\\_impl\\_waiter.py', reloading
 * Restarting with watchdog (windowsapi)
 * Debugger is active!
 * Debugger PIN: 659-829-964
 * Detected change in 'D:\\V3.3.3-Core\\templates\\count_syntax.py', reloading
hon314\\Lib\\site-packages\\playwright\\_impl\\_waiter.py', reloading
 * Restarting with watchdog (windowsapi)
 * Debugger is active!
 * Debugger PIN: 659-829-964
 * Detected change in 'D:\\V3.3.3-Core\\templates\\count_syntax.py', reloading
atchdog (windowsapi)
 * Debugger is active!
 * Debugger PIN: 659-829-964
 * Detected change in 'D:\\V3.3.3-Core\\templates\\count_syntax.py', reloading
