[Track] 2026-06-13T19:40 Fetching...
[Odds] Background updater started (30min interval)
 * Serving Flask app 'app'
 * Debug mode: on
[Track] 2026-06-13T19:40 Fetching...
[Odds] Background updater started (30min interval)
[Fetch] HTTP 403, will retry...
[Fetch] HTTP 403, will retry...
[Fetch] HTTP 403, will retry...
[Odds] Auto-update error: Failed to fetch ѕєІКНш data after 3 attempts
[Track] 2026-06-13T19:49 Fetching...
[Odds] Background updater started (30min interval)
[Fetch] HTTP 403, will retry...
[Fetch] HTTP 403, will retry...
[Fetch] HTTP 403, will retry...
[Odds] Auto-update error: Failed to fetch ѕєІКНш data after 3 attempts
[Track] 2026-06-13T19:54 Fetching...
[Odds] Background updater started (30min interval)
[Fetch] HTTP 403, will retry...
[Track] 2026-06-13T19:54 Fetching...
[Odds] Background updater started (30min interval)
[Fetch] HTTP 403, will retry...
[Fetch] HTTP 403, will retry...
[Track] 2026-06-13T19:54 Fetching...
[Odds] Background updater started (30min interval)
[Fetch] HTTP 403, will retry...
[Fetch] HTTP 403, will retry...
[Fetch] HTTP 403, will retry...
[Odds] Auto-update error: Failed to fetch ѕєІКНш data after 3 attempts
[Track] 2026-06-13T20:25 Fetching...
[Fetch] HTTP 403, will retry...
[Fetch] HTTP 403, will retry...
[Fetch] HTTP 403, will retry...
[Odds] Auto-update error: Failed to fetch ѕєІКНш data after 3 attempts
 after 3 attempts
[Track] 2026-06-13T20:25 Fetching...
[Fetch] HTTP 403, will retry...
[Fetch] HTTP 403, will retry...
[Fetch] HTTP 403, will retry...
[Odds] Auto-update error: Failed to fetch ѕєІКНш data after 3 attempts
[Fetch] HTTP 403, will retry...
[Track] 2026-06-13T19:54 Fetching...
[Odds] Background updater started (30min interval)
[Fetch] HTTP 403, will retry...
[Fetch] HTTP 403, will retry...
[Fetch] HTTP 403, will retry...
[Odds] Auto-update error: Failed to fetch ѕєІКНш data after 3 attempts
[Track] 2026-06-13T20:25 Fetching...
[Fetch] HTTP 403, will retry...
[Fetch] HTTP 403, will retry...
[Fetch] HTTP 403, will retry...
[Odds] Auto-update error: Failed to fetch ѕєІКНш data after 3 attempts
